<?xml version="1.0" encoding="UTF-8"?>
<!-- Generated by org.testng.reporters.JUnitReportReporter -->
<testsuite hostname="DESKTOP-OR6VU5V" name="parallelTestNG.MultipleBrowserTest" tests="3" failures="0" timestamp="9 Aug 2020 19:09:46 GMT" time="41.759" errors="0">
  <testcase name="BrowserTest" time="10.629" classname="parallelTestNG.MultipleBrowserTest"/>
  <testcase name="BrowserTest" time="17.763" classname="parallelTestNG.MultipleBrowserTest"/>
  <testcase name="BrowserTest" time="13.367" classname="parallelTestNG.MultipleBrowserTest"/>
</testsuite> <!-- parallelTestNG.MultipleBrowserTest -->
